2024-02-08 08:24:06.334 [INFO ] [main] org.springframework.boot.StartupInfoLogger.logStarting:51 - Starting CdsHooksClientApplication v0.0.1-SNAPSHOT using Java 17.0.9 with PID 14948 (D:\OneDrive - msis-net.com\ドキュメント\GitHub\NexTHERS\cds-hooks-proto\cds-hooks-client\実行モジュール\cds-hooks-client.jar started by eve in D:\OneDrive - msis-net.com\ドキュメント\GitHub\NexTHERS\cds-hooks-proto\cds-hooks-client\実行モジュール)
2024-02-08 08:24:06.337 [DEBUG] [main] org.springframework.boot.StartupInfoLogger.logStarting:52 - Running with Spring Boot v3.1.4, Spring v6.0.12
2024-02-08 08:24:06.338 [INFO ] [main] org.springframework.boot.SpringApplication.logStartupProfileInfo:643 - The following 1 profile is active: "develop"
2024-02-08 08:24:08.102 [INFO ] [main] org.springframework.boot.web.embedded.tomcat.TomcatWebServer.initialize:108 - Tomcat initialized with port(s): 8080 (http)
2024-02-08 08:24:08.218 [INFO ] [main] org.springframework.boot.web.servlet.context.ServletWebServerApplicationContext.prepareWebApplicationContext:291 - Root WebApplicationContext: initialization completed in 1124 ms
2024-02-08 08:24:08.757 [INFO ] [main] org.springframework.boot.web.embedded.tomcat.TomcatWebServer.start:220 - Tomcat started on port(s): 8080 (http) with context path ''
2024-02-08 08:24:08.782 [INFO ] [main] org.springframework.boot.StartupInfoLogger.logStarted:57 - Started CdsHooksClientApplication in 3.112 seconds (process running for 3.627)
2024-02-08 08:24:10.833 [INFO ] [http-nio-8080-exec-1] org.springframework.web.servlet.FrameworkServlet.initServletBean:532 - Initializing Servlet 'dispatcherServlet'
2024-02-08 08:24:10.835 [INFO ] [http-nio-8080-exec-1] org.springframework.web.servlet.FrameworkServlet.initServletBean:554 - Completed initialization in 1 ms
2024-02-08 08:24:10.867 [DEBUG] [http-nio-8080-exec-1] jp.cpcnexehrs.cds.hooks.client.controller.CdsHooksClientController.main:53 - Start
2024-02-08 08:24:10.868 [DEBUG] [http-nio-8080-exec-1] jp.cpcnexehrs.cds.hooks.client.controller.CdsHooksClientController.main:56 - End
2024-02-08 08:24:14.471 [DEBUG] [http-nio-8080-exec-4] jp.cpcnexehrs.cds.hooks.client.controller.CdsHooksClientController.discoverySubmit:71 - Start
2024-02-08 08:24:14.472 [DEBUG] [http-nio-8080-exec-4] jp.cpcnexehrs.cds.hooks.client.service.impl.CdsHooksClientServiceImpl.sendDiscoveryRequest:25 - Start
2024-02-08 08:24:14.652 [DEBUG] [http-nio-8080-exec-4] jp.cpcnexehrs.cds.hooks.client.service.impl.CdsHooksClientServiceImpl.sendDiscoveryRequest:36 - End
2024-02-08 08:24:14.661 [DEBUG] [http-nio-8080-exec-4] jp.cpcnexehrs.cds.hooks.client.controller.CdsHooksClientController.discoverySubmit:80 - End
2024-02-08 08:24:15.985 [DEBUG] [http-nio-8080-exec-5] jp.cpcnexehrs.cds.hooks.client.controller.CdsHooksClientController.hooksForm:86 - Start
2024-02-08 08:24:15.986 [DEBUG] [http-nio-8080-exec-5] jp.cpcnexehrs.cds.hooks.client.controller.CdsHooksClientController.hooksForm:94 - End
2024-02-08 08:24:18.430 [DEBUG] [http-nio-8080-exec-6] jp.cpcnexehrs.cds.hooks.client.controller.CdsHooksClientController.hooksSubmit:100 - Start
2024-02-08 08:24:18.431 [DEBUG] [http-nio-8080-exec-6] jp.cpcnexehrs.cds.hooks.client.service.impl.CdsHooksClientServiceImpl.sendHooksRequest:41 - Start
2024-02-08 08:24:18.724 [DEBUG] [http-nio-8080-exec-6] jp.cpcnexehrs.cds.hooks.client.service.impl.CdsHooksClientServiceImpl.sendHooksRequest:55 - End
2024-02-08 08:24:18.728 [DEBUG] [http-nio-8080-exec-6] jp.cpcnexehrs.cds.hooks.client.controller.CdsHooksClientController.hooksSubmit:117 - End
2024-02-08 08:26:46.734 [DEBUG] [http-nio-8080-exec-9] jp.cpcnexehrs.cds.hooks.client.controller.CdsHooksClientController.loadJson:124 - Start
2024-02-08 08:26:46.735 [DEBUG] [http-nio-8080-exec-9] jp.cpcnexehrs.cds.hooks.client.controller.CdsHooksClientController.loadJson:136 - End
2024-02-08 08:27:03.167 [DEBUG] [http-nio-8080-exec-10] jp.cpcnexehrs.cds.hooks.client.controller.CdsHooksClientController.loadJson:124 - Start
2024-02-08 08:27:03.168 [DEBUG] [http-nio-8080-exec-10] jp.cpcnexehrs.cds.hooks.client.controller.CdsHooksClientController.loadJson:136 - End
2024-02-08 08:27:20.948 [DEBUG] [http-nio-8080-exec-1] jp.cpcnexehrs.cds.hooks.client.controller.CdsHooksClientController.hooksSubmit:100 - Start
2024-02-08 08:27:20.949 [DEBUG] [http-nio-8080-exec-1] jp.cpcnexehrs.cds.hooks.client.service.impl.CdsHooksClientServiceImpl.sendHooksRequest:41 - Start
2024-02-08 08:27:21.181 [DEBUG] [http-nio-8080-exec-1] jp.cpcnexehrs.cds.hooks.client.service.impl.CdsHooksClientServiceImpl.sendHooksRequest:55 - End
2024-02-08 08:27:21.183 [DEBUG] [http-nio-8080-exec-1] jp.cpcnexehrs.cds.hooks.client.controller.CdsHooksClientController.hooksSubmit:117 - End
2024-02-08 08:29:31.229 [DEBUG] [http-nio-8080-exec-7] jp.cpcnexehrs.cds.hooks.client.controller.CdsHooksClientController.loadJson:124 - Start
2024-02-08 08:29:31.230 [DEBUG] [http-nio-8080-exec-7] jp.cpcnexehrs.cds.hooks.client.controller.CdsHooksClientController.loadJson:136 - End
2024-02-08 08:30:09.282 [DEBUG] [http-nio-8080-exec-8] jp.cpcnexehrs.cds.hooks.client.controller.CdsHooksClientController.loadJson:124 - Start
2024-02-08 08:30:09.283 [DEBUG] [http-nio-8080-exec-8] jp.cpcnexehrs.cds.hooks.client.controller.CdsHooksClientController.loadJson:136 - End
2024-02-08 08:31:38.358 [DEBUG] [http-nio-8080-exec-10] jp.cpcnexehrs.cds.hooks.client.controller.CdsHooksClientController.loadJson:124 - Start
2024-02-08 08:31:38.359 [DEBUG] [http-nio-8080-exec-10] jp.cpcnexehrs.cds.hooks.client.controller.CdsHooksClientController.loadJson:136 - End
2024-02-08 08:32:03.979 [DEBUG] [http-nio-8080-exec-1] jp.cpcnexehrs.cds.hooks.client.controller.CdsHooksClientController.loadJson:124 - Start
2024-02-08 08:32:03.980 [DEBUG] [http-nio-8080-exec-1] jp.cpcnexehrs.cds.hooks.client.controller.CdsHooksClientController.loadJson:136 - End
2024-02-08 08:32:23.989 [DEBUG] [http-nio-8080-exec-2] jp.cpcnexehrs.cds.hooks.client.controller.CdsHooksClientController.loadJson:124 - Start
2024-02-08 08:32:23.990 [DEBUG] [http-nio-8080-exec-2] jp.cpcnexehrs.cds.hooks.client.controller.CdsHooksClientController.loadJson:136 - End
2024-02-08 08:32:36.013 [DEBUG] [http-nio-8080-exec-4] jp.cpcnexehrs.cds.hooks.client.controller.CdsHooksClientController.loadJson:124 - Start
2024-02-08 08:32:36.014 [DEBUG] [http-nio-8080-exec-4] jp.cpcnexehrs.cds.hooks.client.controller.CdsHooksClientController.loadJson:136 - End
2024-02-08 08:35:53.651 [DEBUG] [http-nio-8080-exec-6] jp.cpcnexehrs.cds.hooks.client.controller.CdsHooksClientController.loadJson:124 - Start
2024-02-08 08:35:53.652 [DEBUG] [http-nio-8080-exec-6] jp.cpcnexehrs.cds.hooks.client.controller.CdsHooksClientController.loadJson:136 - End
2024-02-08 08:36:57.159 [DEBUG] [http-nio-8080-exec-7] jp.cpcnexehrs.cds.hooks.client.controller.CdsHooksClientController.loadJson:124 - Start
2024-02-08 08:36:57.160 [DEBUG] [http-nio-8080-exec-7] jp.cpcnexehrs.cds.hooks.client.controller.CdsHooksClientController.loadJson:136 - End
2024-02-08 08:37:45.004 [DEBUG] [http-nio-8080-exec-8] jp.cpcnexehrs.cds.hooks.client.controller.CdsHooksClientController.loadJson:124 - Start
2024-02-08 08:37:45.005 [DEBUG] [http-nio-8080-exec-8] jp.cpcnexehrs.cds.hooks.client.controller.CdsHooksClientController.loadJson:136 - End
2024-02-08 08:37:59.223 [DEBUG] [http-nio-8080-exec-9] jp.cpcnexehrs.cds.hooks.client.controller.CdsHooksClientController.loadJson:124 - Start
2024-02-08 08:37:59.224 [DEBUG] [http-nio-8080-exec-9] jp.cpcnexehrs.cds.hooks.client.controller.CdsHooksClientController.loadJson:136 - End
2024-02-08 08:38:33.964 [DEBUG] [http-nio-8080-exec-10] jp.cpcnexehrs.cds.hooks.client.controller.CdsHooksClientController.loadJson:124 - Start
2024-02-08 08:38:33.965 [ERROR] [http-nio-8080-exec-10] jp.cpcnexehrs.cds.hooks.client.controller.CdsHooksClientController.readJsonFile:145 - 
java.nio.file.NoSuchFileException: .\scenario\case2\scenario5.json
	at java.base/sun.nio.fs.WindowsException.translateToIOException(WindowsException.java:85)
	at java.base/sun.nio.fs.WindowsException.rethrowAsIOException(WindowsException.java:103)
	at java.base/sun.nio.fs.WindowsException.rethrowAsIOException(WindowsException.java:108)
	at java.base/sun.nio.fs.WindowsFileSystemProvider.newByteChannel(WindowsFileSystemProvider.java:236)
	at java.base/java.nio.file.Files.newByteChannel(Files.java:380)
	at java.base/java.nio.file.Files.newByteChannel(Files.java:432)
	at java.base/java.nio.file.Files.readAllBytes(Files.java:3288)
	at jp.cpcnexehrs.cds.hooks.client.controller.CdsHooksClientController.readJsonFile(CdsHooksClientController.java:143)
	at jp.cpcnexehrs.cds.hooks.client.controller.CdsHooksClientController.loadJson(CdsHooksClientController.java:135)
	at java.base/jdk.internal.reflect.NativeMethodAccessorImpl.invoke0(Native Method)
	at java.base/jdk.internal.reflect.NativeMethodAccessorImpl.invoke(NativeMethodAccessorImpl.java:77)
	at java.base/jdk.internal.reflect.DelegatingMethodAccessorImpl.invoke(DelegatingMethodAccessorImpl.java:43)
	at java.base/java.lang.reflect.Method.invoke(Method.java:568)
	at org.springframework.web.method.support.InvocableHandlerMethod.doInvoke(InvocableHandlerMethod.java:205)
	at org.springframework.web.method.support.InvocableHandlerMethod.invokeForRequest(InvocableHandlerMethod.java:150)
	at org.springframework.web.servlet.mvc.method.annotation.ServletInvocableHandlerMethod.invokeAndHandle(ServletInvocableHandlerMethod.java:118)
	at org.springframework.web.servlet.mvc.method.annotation.RequestMappingHandlerAdapter.invokeHandlerMethod(RequestMappingHandlerAdapter.java:884)
	at org.springframework.web.servlet.mvc.method.annotation.RequestMappingHandlerAdapter.handleInternal(RequestMappingHandlerAdapter.java:797)
	at org.springframework.web.servlet.mvc.method.AbstractHandlerMethodAdapter.handle(AbstractHandlerMethodAdapter.java:87)
	at org.springframework.web.servlet.DispatcherServlet.doDispatch(DispatcherServlet.java:1081)
	at org.springframework.web.servlet.DispatcherServlet.doService(DispatcherServlet.java:974)
	at org.springframework.web.servlet.FrameworkServlet.processRequest(FrameworkServlet.java:1011)
	at org.springframework.web.servlet.FrameworkServlet.doPost(FrameworkServlet.java:914)
	at jakarta.servlet.http.HttpServlet.service(HttpServlet.java:590)
	at org.springframework.web.servlet.FrameworkServlet.service(FrameworkServlet.java:885)
	at jakarta.servlet.http.HttpServlet.service(HttpServlet.java:658)
	at org.apache.catalina.core.ApplicationFilterChain.internalDoFilter(ApplicationFilterChain.java:205)
	at org.apache.catalina.core.ApplicationFilterChain.doFilter(ApplicationFilterChain.java:149)
	at org.apache.tomcat.websocket.server.WsFilter.doFilter(WsFilter.java:51)
	at org.apache.catalina.core.ApplicationFilterChain.internalDoFilter(ApplicationFilterChain.java:174)
	at org.apache.catalina.core.ApplicationFilterChain.doFilter(ApplicationFilterChain.java:149)
	at org.springframework.web.filter.RequestContextFilter.doFilterInternal(RequestContextFilter.java:100)
	at org.springframework.web.filter.OncePerRequestFilter.doFilter(OncePerRequestFilter.java:116)
	at org.apache.catalina.core.ApplicationFilterChain.internalDoFilter(ApplicationFilterChain.java:174)
	at org.apache.catalina.core.ApplicationFilterChain.doFilter(ApplicationFilterChain.java:149)
	at org.springframework.web.filter.FormContentFilter.doFilterInternal(FormContentFilter.java:93)
	at org.springframework.web.filter.OncePerRequestFilter.doFilter(OncePerRequestFilter.java:116)
	at org.apache.catalina.core.ApplicationFilterChain.internalDoFilter(ApplicationFilterChain.java:174)
	at org.apache.catalina.core.ApplicationFilterChain.doFilter(ApplicationFilterChain.java:149)
	at org.springframework.web.filter.CharacterEncodingFilter.doFilterInternal(CharacterEncodingFilter.java:201)
	at org.springframework.web.filter.OncePerRequestFilter.doFilter(OncePerRequestFilter.java:116)
	at org.apache.catalina.core.ApplicationFilterChain.internalDoFilter(ApplicationFilterChain.java:174)
	at org.apache.catalina.core.ApplicationFilterChain.doFilter(ApplicationFilterChain.java:149)
	at org.apache.catalina.core.StandardWrapperValve.invoke(StandardWrapperValve.java:167)
	at org.apache.catalina.core.StandardContextValve.invoke(StandardContextValve.java:90)
	at org.apache.catalina.authenticator.AuthenticatorBase.invoke(AuthenticatorBase.java:482)
	at org.apache.catalina.core.StandardHostValve.invoke(StandardHostValve.java:115)
	at org.apache.catalina.valves.ErrorReportValve.invoke(ErrorReportValve.java:93)
	at org.apache.catalina.core.StandardEngineValve.invoke(StandardEngineValve.java:74)
	at org.apache.catalina.connector.CoyoteAdapter.service(CoyoteAdapter.java:341)
	at org.apache.coyote.http11.Http11Processor.service(Http11Processor.java:391)
	at org.apache.coyote.AbstractProcessorLight.process(AbstractProcessorLight.java:63)
	at org.apache.coyote.AbstractProtocol$ConnectionHandler.process(AbstractProtocol.java:894)
	at org.apache.tomcat.util.net.NioEndpoint$SocketProcessor.doRun(NioEndpoint.java:1740)
	at org.apache.tomcat.util.net.SocketProcessorBase.run(SocketProcessorBase.java:52)
	at org.apache.tomcat.util.threads.ThreadPoolExecutor.runWorker(ThreadPoolExecutor.java:1191)
	at org.apache.tomcat.util.threads.ThreadPoolExecutor$Worker.run(ThreadPoolExecutor.java:659)
	at org.apache.tomcat.util.threads.TaskThread$WrappingRunnable.run(TaskThread.java:61)
	at java.base/java.lang.Thread.run(Thread.java:842)
2024-02-08 08:38:33.971 [DEBUG] [http-nio-8080-exec-10] jp.cpcnexehrs.cds.hooks.client.controller.CdsHooksClientController.loadJson:136 - End
2024-02-08 08:39:32.166 [DEBUG] [http-nio-8080-exec-1] jp.cpcnexehrs.cds.hooks.client.controller.CdsHooksClientController.loadJson:124 - Start
2024-02-08 08:39:32.167 [DEBUG] [http-nio-8080-exec-1] jp.cpcnexehrs.cds.hooks.client.controller.CdsHooksClientController.loadJson:136 - End
2024-02-08 08:39:35.245 [DEBUG] [http-nio-8080-exec-2] jp.cpcnexehrs.cds.hooks.client.controller.CdsHooksClientController.loadJson:124 - Start
2024-02-08 08:39:35.840 [DEBUG] [http-nio-8080-exec-2] jp.cpcnexehrs.cds.hooks.client.controller.CdsHooksClientController.loadJson:136 - End
2024-02-08 08:40:33.540 [DEBUG] [http-nio-8080-exec-4] jp.cpcnexehrs.cds.hooks.client.controller.CdsHooksClientController.loadJson:124 - Start
2024-02-08 08:40:33.541 [DEBUG] [http-nio-8080-exec-4] jp.cpcnexehrs.cds.hooks.client.controller.CdsHooksClientController.loadJson:136 - End
2024-02-08 08:44:56.840 [DEBUG] [http-nio-8080-exec-6] jp.cpcnexehrs.cds.hooks.client.controller.CdsHooksClientController.loadJson:124 - Start
2024-02-08 08:44:56.841 [DEBUG] [http-nio-8080-exec-6] jp.cpcnexehrs.cds.hooks.client.controller.CdsHooksClientController.loadJson:136 - End
2024-02-08 08:45:41.629 [DEBUG] [http-nio-8080-exec-5] jp.cpcnexehrs.cds.hooks.client.controller.CdsHooksClientController.loadJson:124 - Start
2024-02-08 08:45:41.630 [DEBUG] [http-nio-8080-exec-5] jp.cpcnexehrs.cds.hooks.client.controller.CdsHooksClientController.loadJson:136 - End
2024-02-08 08:46:35.837 [DEBUG] [http-nio-8080-exec-7] jp.cpcnexehrs.cds.hooks.client.controller.CdsHooksClientController.loadJson:124 - Start
2024-02-08 08:46:35.838 [DEBUG] [http-nio-8080-exec-7] jp.cpcnexehrs.cds.hooks.client.controller.CdsHooksClientController.loadJson:136 - End
2024-02-08 08:47:07.748 [DEBUG] [http-nio-8080-exec-8] jp.cpcnexehrs.cds.hooks.client.controller.CdsHooksClientController.loadJson:124 - Start
2024-02-08 08:47:07.749 [DEBUG] [http-nio-8080-exec-8] jp.cpcnexehrs.cds.hooks.client.controller.CdsHooksClientController.loadJson:136 - End
2024-02-08 08:47:21.495 [DEBUG] [http-nio-8080-exec-9] jp.cpcnexehrs.cds.hooks.client.controller.CdsHooksClientController.loadJson:124 - Start
2024-02-08 08:47:21.496 [DEBUG] [http-nio-8080-exec-9] jp.cpcnexehrs.cds.hooks.client.controller.CdsHooksClientController.loadJson:136 - End
2024-02-08 08:47:38.077 [DEBUG] [http-nio-8080-exec-10] jp.cpcnexehrs.cds.hooks.client.controller.CdsHooksClientController.loadJson:124 - Start
2024-02-08 08:47:38.078 [DEBUG] [http-nio-8080-exec-10] jp.cpcnexehrs.cds.hooks.client.controller.CdsHooksClientController.loadJson:136 - End
2024-02-08 08:47:53.966 [DEBUG] [http-nio-8080-exec-1] jp.cpcnexehrs.cds.hooks.client.controller.CdsHooksClientController.loadJson:124 - Start
2024-02-08 08:47:53.967 [DEBUG] [http-nio-8080-exec-1] jp.cpcnexehrs.cds.hooks.client.controller.CdsHooksClientController.loadJson:136 - End
2024-02-08 08:48:13.995 [DEBUG] [http-nio-8080-exec-2] jp.cpcnexehrs.cds.hooks.client.controller.CdsHooksClientController.loadJson:124 - Start
2024-02-08 08:48:13.996 [DEBUG] [http-nio-8080-exec-2] jp.cpcnexehrs.cds.hooks.client.controller.CdsHooksClientController.loadJson:136 - End
2024-02-08 08:48:25.563 [DEBUG] [http-nio-8080-exec-4] jp.cpcnexehrs.cds.hooks.client.controller.CdsHooksClientController.loadJson:124 - Start
2024-02-08 08:48:25.564 [DEBUG] [http-nio-8080-exec-4] jp.cpcnexehrs.cds.hooks.client.controller.CdsHooksClientController.loadJson:136 - End
2024-02-08 09:07:49.566 [DEBUG] [http-nio-8080-exec-6] jp.cpcnexehrs.cds.hooks.client.controller.CdsHooksClientController.loadJson:124 - Start
2024-02-08 09:07:49.567 [DEBUG] [http-nio-8080-exec-6] jp.cpcnexehrs.cds.hooks.client.controller.CdsHooksClientController.loadJson:136 - End
2024-02-08 09:07:52.030 [DEBUG] [http-nio-8080-exec-5] jp.cpcnexehrs.cds.hooks.client.controller.CdsHooksClientController.hooksSubmit:100 - Start
2024-02-08 09:07:52.031 [DEBUG] [http-nio-8080-exec-5] jp.cpcnexehrs.cds.hooks.client.service.impl.CdsHooksClientServiceImpl.sendHooksRequest:41 - Start
2024-02-08 09:07:52.865 [DEBUG] [http-nio-8080-exec-5] jp.cpcnexehrs.cds.hooks.client.service.impl.CdsHooksClientServiceImpl.sendHooksRequest:55 - End
2024-02-08 09:07:52.867 [DEBUG] [http-nio-8080-exec-5] jp.cpcnexehrs.cds.hooks.client.controller.CdsHooksClientController.hooksSubmit:117 - End
2024-02-08 09:07:55.354 [DEBUG] [http-nio-8080-exec-8] jp.cpcnexehrs.cds.hooks.client.controller.CdsHooksClientController.loadJson:124 - Start
2024-02-08 09:07:55.354 [DEBUG] [http-nio-8080-exec-8] jp.cpcnexehrs.cds.hooks.client.controller.CdsHooksClientController.loadJson:136 - End
2024-02-08 09:07:56.448 [DEBUG] [http-nio-8080-exec-9] jp.cpcnexehrs.cds.hooks.client.controller.CdsHooksClientController.hooksSubmit:100 - Start
2024-02-08 09:07:56.449 [DEBUG] [http-nio-8080-exec-9] jp.cpcnexehrs.cds.hooks.client.service.impl.CdsHooksClientServiceImpl.sendHooksRequest:41 - Start
2024-02-08 09:07:57.183 [DEBUG] [http-nio-8080-exec-9] jp.cpcnexehrs.cds.hooks.client.service.impl.CdsHooksClientServiceImpl.sendHooksRequest:55 - End
2024-02-08 09:07:57.184 [DEBUG] [http-nio-8080-exec-9] jp.cpcnexehrs.cds.hooks.client.controller.CdsHooksClientController.hooksSubmit:117 - End
2024-02-08 09:07:59.178 [DEBUG] [http-nio-8080-exec-10] jp.cpcnexehrs.cds.hooks.client.controller.CdsHooksClientController.loadJson:124 - Start
2024-02-08 09:07:59.179 [DEBUG] [http-nio-8080-exec-10] jp.cpcnexehrs.cds.hooks.client.controller.CdsHooksClientController.loadJson:136 - End
2024-02-08 09:08:00.104 [DEBUG] [http-nio-8080-exec-1] jp.cpcnexehrs.cds.hooks.client.controller.CdsHooksClientController.hooksSubmit:100 - Start
2024-02-08 09:08:00.105 [DEBUG] [http-nio-8080-exec-1] jp.cpcnexehrs.cds.hooks.client.service.impl.CdsHooksClientServiceImpl.sendHooksRequest:41 - Start
2024-02-08 09:08:00.805 [DEBUG] [http-nio-8080-exec-1] jp.cpcnexehrs.cds.hooks.client.service.impl.CdsHooksClientServiceImpl.sendHooksRequest:55 - End
2024-02-08 09:08:00.809 [DEBUG] [http-nio-8080-exec-1] jp.cpcnexehrs.cds.hooks.client.controller.CdsHooksClientController.hooksSubmit:117 - End
2024-02-08 09:08:03.047 [DEBUG] [http-nio-8080-exec-2] jp.cpcnexehrs.cds.hooks.client.controller.CdsHooksClientController.loadJson:124 - Start
2024-02-08 09:08:03.047 [DEBUG] [http-nio-8080-exec-2] jp.cpcnexehrs.cds.hooks.client.controller.CdsHooksClientController.loadJson:136 - End
2024-02-08 09:08:03.887 [DEBUG] [http-nio-8080-exec-4] jp.cpcnexehrs.cds.hooks.client.controller.CdsHooksClientController.hooksSubmit:100 - Start
2024-02-08 09:08:03.888 [DEBUG] [http-nio-8080-exec-4] jp.cpcnexehrs.cds.hooks.client.service.impl.CdsHooksClientServiceImpl.sendHooksRequest:41 - Start
2024-02-08 09:08:04.512 [DEBUG] [http-nio-8080-exec-4] jp.cpcnexehrs.cds.hooks.client.service.impl.CdsHooksClientServiceImpl.sendHooksRequest:55 - End
2024-02-08 09:08:04.515 [DEBUG] [http-nio-8080-exec-4] jp.cpcnexehrs.cds.hooks.client.controller.CdsHooksClientController.hooksSubmit:117 - End
2024-02-08 09:08:06.967 [DEBUG] [http-nio-8080-exec-3] jp.cpcnexehrs.cds.hooks.client.controller.CdsHooksClientController.loadJson:124 - Start
2024-02-08 09:08:06.967 [DEBUG] [http-nio-8080-exec-3] jp.cpcnexehrs.cds.hooks.client.controller.CdsHooksClientController.loadJson:136 - End
2024-02-08 09:08:08.147 [DEBUG] [http-nio-8080-exec-6] jp.cpcnexehrs.cds.hooks.client.controller.CdsHooksClientController.hooksSubmit:100 - Start
2024-02-08 09:08:08.148 [DEBUG] [http-nio-8080-exec-6] jp.cpcnexehrs.cds.hooks.client.service.impl.CdsHooksClientServiceImpl.sendHooksRequest:41 - Start
2024-02-08 09:08:09.321 [DEBUG] [http-nio-8080-exec-6] jp.cpcnexehrs.cds.hooks.client.service.impl.CdsHooksClientServiceImpl.sendHooksRequest:55 - End
2024-02-08 09:08:09.325 [DEBUG] [http-nio-8080-exec-6] jp.cpcnexehrs.cds.hooks.client.controller.CdsHooksClientController.hooksSubmit:117 - End
2024-02-08 09:08:11.855 [DEBUG] [http-nio-8080-exec-5] jp.cpcnexehrs.cds.hooks.client.controller.CdsHooksClientController.loadJson:124 - Start
2024-02-08 09:08:11.856 [ERROR] [http-nio-8080-exec-5] jp.cpcnexehrs.cds.hooks.client.controller.CdsHooksClientController.readJsonFile:145 - 
java.nio.file.NoSuchFileException: .\scenario\case2\scenario5.json
	at java.base/sun.nio.fs.WindowsException.translateToIOException(WindowsException.java:85)
	at java.base/sun.nio.fs.WindowsException.rethrowAsIOException(WindowsException.java:103)
	at java.base/sun.nio.fs.WindowsException.rethrowAsIOException(WindowsException.java:108)
	at java.base/sun.nio.fs.WindowsFileSystemProvider.newByteChannel(WindowsFileSystemProvider.java:236)
	at java.base/java.nio.file.Files.newByteChannel(Files.java:380)
	at java.base/java.nio.file.Files.newByteChannel(Files.java:432)
	at java.base/java.nio.file.Files.readAllBytes(Files.java:3288)
	at jp.cpcnexehrs.cds.hooks.client.controller.CdsHooksClientController.readJsonFile(CdsHooksClientController.java:143)
	at jp.cpcnexehrs.cds.hooks.client.controller.CdsHooksClientController.loadJson(CdsHooksClientController.java:135)
	at jdk.internal.reflect.GeneratedMethodAccessor11.invoke(Unknown Source)
	at java.base/jdk.internal.reflect.DelegatingMethodAccessorImpl.invoke(DelegatingMethodAccessorImpl.java:43)
	at java.base/java.lang.reflect.Method.invoke(Method.java:568)
	at org.springframework.web.method.support.InvocableHandlerMethod.doInvoke(InvocableHandlerMethod.java:205)
	at org.springframework.web.method.support.InvocableHandlerMethod.invokeForRequest(InvocableHandlerMethod.java:150)
	at org.springframework.web.servlet.mvc.method.annotation.ServletInvocableHandlerMethod.invokeAndHandle(ServletInvocableHandlerMethod.java:118)
	at org.springframework.web.servlet.mvc.method.annotation.RequestMappingHandlerAdapter.invokeHandlerMethod(RequestMappingHandlerAdapter.java:884)
	at org.springframework.web.servlet.mvc.method.annotation.RequestMappingHandlerAdapter.handleInternal(RequestMappingHandlerAdapter.java:797)
	at org.springframework.web.servlet.mvc.method.AbstractHandlerMethodAdapter.handle(AbstractHandlerMethodAdapter.java:87)
	at org.springframework.web.servlet.DispatcherServlet.doDispatch(DispatcherServlet.java:1081)
	at org.springframework.web.servlet.DispatcherServlet.doService(DispatcherServlet.java:974)
	at org.springframework.web.servlet.FrameworkServlet.processRequest(FrameworkServlet.java:1011)
	at org.springframework.web.servlet.FrameworkServlet.doPost(FrameworkServlet.java:914)
	at jakarta.servlet.http.HttpServlet.service(HttpServlet.java:590)
	at org.springframework.web.servlet.FrameworkServlet.service(FrameworkServlet.java:885)
	at jakarta.servlet.http.HttpServlet.service(HttpServlet.java:658)
	at org.apache.catalina.core.ApplicationFilterChain.internalDoFilter(ApplicationFilterChain.java:205)
	at org.apache.catalina.core.ApplicationFilterChain.doFilter(ApplicationFilterChain.java:149)
	at org.apache.tomcat.websocket.server.WsFilter.doFilter(WsFilter.java:51)
	at org.apache.catalina.core.ApplicationFilterChain.internalDoFilter(ApplicationFilterChain.java:174)
	at org.apache.catalina.core.ApplicationFilterChain.doFilter(ApplicationFilterChain.java:149)
	at org.springframework.web.filter.RequestContextFilter.doFilterInternal(RequestContextFilter.java:100)
	at org.springframework.web.filter.OncePerRequestFilter.doFilter(OncePerRequestFilter.java:116)
	at org.apache.catalina.core.ApplicationFilterChain.internalDoFilter(ApplicationFilterChain.java:174)
	at org.apache.catalina.core.ApplicationFilterChain.doFilter(ApplicationFilterChain.java:149)
	at org.springframework.web.filter.FormContentFilter.doFilterInternal(FormContentFilter.java:93)
	at org.springframework.web.filter.OncePerRequestFilter.doFilter(OncePerRequestFilter.java:116)
	at org.apache.catalina.core.ApplicationFilterChain.internalDoFilter(ApplicationFilterChain.java:174)
	at org.apache.catalina.core.ApplicationFilterChain.doFilter(ApplicationFilterChain.java:149)
	at org.springframework.web.filter.CharacterEncodingFilter.doFilterInternal(CharacterEncodingFilter.java:201)
	at org.springframework.web.filter.OncePerRequestFilter.doFilter(OncePerRequestFilter.java:116)
	at org.apache.catalina.core.ApplicationFilterChain.internalDoFilter(ApplicationFilterChain.java:174)
	at org.apache.catalina.core.ApplicationFilterChain.doFilter(ApplicationFilterChain.java:149)
	at org.apache.catalina.core.StandardWrapperValve.invoke(StandardWrapperValve.java:167)
	at org.apache.catalina.core.StandardContextValve.invoke(StandardContextValve.java:90)
	at org.apache.catalina.authenticator.AuthenticatorBase.invoke(AuthenticatorBase.java:482)
	at org.apache.catalina.core.StandardHostValve.invoke(StandardHostValve.java:115)
	at org.apache.catalina.valves.ErrorReportValve.invoke(ErrorReportValve.java:93)
	at org.apache.catalina.core.StandardEngineValve.invoke(StandardEngineValve.java:74)
	at org.apache.catalina.connector.CoyoteAdapter.service(CoyoteAdapter.java:341)
	at org.apache.coyote.http11.Http11Processor.service(Http11Processor.java:391)
	at org.apache.coyote.AbstractProcessorLight.process(AbstractProcessorLight.java:63)
	at org.apache.coyote.AbstractProtocol$ConnectionHandler.process(AbstractProtocol.java:894)
	at org.apache.tomcat.util.net.NioEndpoint$SocketProcessor.doRun(NioEndpoint.java:1740)
	at org.apache.tomcat.util.net.SocketProcessorBase.run(SocketProcessorBase.java:52)
	at org.apache.tomcat.util.threads.ThreadPoolExecutor.runWorker(ThreadPoolExecutor.java:1191)
	at org.apache.tomcat.util.threads.ThreadPoolExecutor$Worker.run(ThreadPoolExecutor.java:659)
	at org.apache.tomcat.util.threads.TaskThread$WrappingRunnable.run(TaskThread.java:61)
	at java.base/java.lang.Thread.run(Thread.java:842)
2024-02-08 09:08:11.859 [DEBUG] [http-nio-8080-exec-5] jp.cpcnexehrs.cds.hooks.client.controller.CdsHooksClientController.loadJson:136 - End
2024-02-08 09:08:13.099 [DEBUG] [http-nio-8080-exec-7] jp.cpcnexehrs.cds.hooks.client.controller.CdsHooksClientController.loadJson:124 - Start
2024-02-08 09:08:13.100 [DEBUG] [http-nio-8080-exec-7] jp.cpcnexehrs.cds.hooks.client.controller.CdsHooksClientController.loadJson:136 - End
2024-02-08 09:08:14.054 [DEBUG] [http-nio-8080-exec-8] jp.cpcnexehrs.cds.hooks.client.controller.CdsHooksClientController.hooksSubmit:100 - Start
2024-02-08 09:08:14.054 [DEBUG] [http-nio-8080-exec-8] jp.cpcnexehrs.cds.hooks.client.service.impl.CdsHooksClientServiceImpl.sendHooksRequest:41 - Start
2024-02-08 09:08:14.843 [DEBUG] [http-nio-8080-exec-8] jp.cpcnexehrs.cds.hooks.client.service.impl.CdsHooksClientServiceImpl.sendHooksRequest:55 - End
2024-02-08 09:08:14.846 [DEBUG] [http-nio-8080-exec-8] jp.cpcnexehrs.cds.hooks.client.controller.CdsHooksClientController.hooksSubmit:117 - End
2024-02-08 09:08:17.388 [DEBUG] [http-nio-8080-exec-9] jp.cpcnexehrs.cds.hooks.client.controller.CdsHooksClientController.loadJson:124 - Start
2024-02-08 09:08:17.388 [DEBUG] [http-nio-8080-exec-9] jp.cpcnexehrs.cds.hooks.client.controller.CdsHooksClientController.loadJson:136 - End
2024-02-08 09:08:21.806 [DEBUG] [http-nio-8080-exec-10] jp.cpcnexehrs.cds.hooks.client.controller.CdsHooksClientController.hooksSubmit:100 - Start
2024-02-08 09:08:21.806 [DEBUG] [http-nio-8080-exec-10] jp.cpcnexehrs.cds.hooks.client.service.impl.CdsHooksClientServiceImpl.sendHooksRequest:41 - Start
2024-02-08 09:08:22.502 [DEBUG] [http-nio-8080-exec-10] jp.cpcnexehrs.cds.hooks.client.service.impl.CdsHooksClientServiceImpl.sendHooksRequest:55 - End
2024-02-08 09:08:22.506 [DEBUG] [http-nio-8080-exec-10] jp.cpcnexehrs.cds.hooks.client.controller.CdsHooksClientController.hooksSubmit:117 - End
2024-02-08 09:08:26.951 [DEBUG] [http-nio-8080-exec-1] jp.cpcnexehrs.cds.hooks.client.controller.CdsHooksClientController.loadJson:124 - Start
2024-02-08 09:08:26.952 [DEBUG] [http-nio-8080-exec-1] jp.cpcnexehrs.cds.hooks.client.controller.CdsHooksClientController.loadJson:136 - End
2024-02-08 09:08:27.922 [DEBUG] [http-nio-8080-exec-2] jp.cpcnexehrs.cds.hooks.client.controller.CdsHooksClientController.hooksSubmit:100 - Start
2024-02-08 09:08:27.923 [DEBUG] [http-nio-8080-exec-2] jp.cpcnexehrs.cds.hooks.client.service.impl.CdsHooksClientServiceImpl.sendHooksRequest:41 - Start
2024-02-08 09:08:28.623 [DEBUG] [http-nio-8080-exec-2] jp.cpcnexehrs.cds.hooks.client.service.impl.CdsHooksClientServiceImpl.sendHooksRequest:55 - End
2024-02-08 09:08:28.624 [DEBUG] [http-nio-8080-exec-2] jp.cpcnexehrs.cds.hooks.client.controller.CdsHooksClientController.hooksSubmit:117 - End
2024-02-08 09:08:30.914 [DEBUG] [http-nio-8080-exec-4] jp.cpcnexehrs.cds.hooks.client.controller.CdsHooksClientController.loadJson:124 - Start
2024-02-08 09:08:30.915 [DEBUG] [http-nio-8080-exec-4] jp.cpcnexehrs.cds.hooks.client.controller.CdsHooksClientController.loadJson:136 - End
2024-02-08 09:08:31.754 [DEBUG] [http-nio-8080-exec-3] jp.cpcnexehrs.cds.hooks.client.controller.CdsHooksClientController.hooksSubmit:100 - Start
2024-02-08 09:08:31.755 [DEBUG] [http-nio-8080-exec-3] jp.cpcnexehrs.cds.hooks.client.service.impl.CdsHooksClientServiceImpl.sendHooksRequest:41 - Start
2024-02-08 09:08:32.540 [DEBUG] [http-nio-8080-exec-3] jp.cpcnexehrs.cds.hooks.client.service.impl.CdsHooksClientServiceImpl.sendHooksRequest:55 - End
2024-02-08 09:08:32.545 [DEBUG] [http-nio-8080-exec-3] jp.cpcnexehrs.cds.hooks.client.controller.CdsHooksClientController.hooksSubmit:117 - End
2024-02-08 09:08:34.450 [DEBUG] [http-nio-8080-exec-6] jp.cpcnexehrs.cds.hooks.client.controller.CdsHooksClientController.loadJson:124 - Start
2024-02-08 09:08:34.451 [ERROR] [http-nio-8080-exec-6] jp.cpcnexehrs.cds.hooks.client.controller.CdsHooksClientController.readJsonFile:145 - 
java.nio.file.NoSuchFileException: .\scenario\case2\scenario5.json
	at java.base/sun.nio.fs.WindowsException.translateToIOException(WindowsException.java:85)
	at java.base/sun.nio.fs.WindowsException.rethrowAsIOException(WindowsException.java:103)
	at java.base/sun.nio.fs.WindowsException.rethrowAsIOException(WindowsException.java:108)
	at java.base/sun.nio.fs.WindowsFileSystemProvider.newByteChannel(WindowsFileSystemProvider.java:236)
	at java.base/java.nio.file.Files.newByteChannel(Files.java:380)
	at java.base/java.nio.file.Files.newByteChannel(Files.java:432)
	at java.base/java.nio.file.Files.readAllBytes(Files.java:3288)
	at jp.cpcnexehrs.cds.hooks.client.controller.CdsHooksClientController.readJsonFile(CdsHooksClientController.java:143)
	at jp.cpcnexehrs.cds.hooks.client.controller.CdsHooksClientController.loadJson(CdsHooksClientController.java:135)
	at jdk.internal.reflect.GeneratedMethodAccessor11.invoke(Unknown Source)
	at java.base/jdk.internal.reflect.DelegatingMethodAccessorImpl.invoke(DelegatingMethodAccessorImpl.java:43)
	at java.base/java.lang.reflect.Method.invoke(Method.java:568)
	at org.springframework.web.method.support.InvocableHandlerMethod.doInvoke(InvocableHandlerMethod.java:205)
	at org.springframework.web.method.support.InvocableHandlerMethod.invokeForRequest(InvocableHandlerMethod.java:150)
	at org.springframework.web.servlet.mvc.method.annotation.ServletInvocableHandlerMethod.invokeAndHandle(ServletInvocableHandlerMethod.java:118)
	at org.springframework.web.servlet.mvc.method.annotation.RequestMappingHandlerAdapter.invokeHandlerMethod(RequestMappingHandlerAdapter.java:884)
	at org.springframework.web.servlet.mvc.method.annotation.RequestMappingHandlerAdapter.handleInternal(RequestMappingHandlerAdapter.java:797)
	at org.springframework.web.servlet.mvc.method.AbstractHandlerMethodAdapter.handle(AbstractHandlerMethodAdapter.java:87)
	at org.springframework.web.servlet.DispatcherServlet.doDispatch(DispatcherServlet.java:1081)
	at org.springframework.web.servlet.DispatcherServlet.doService(DispatcherServlet.java:974)
	at org.springframework.web.servlet.FrameworkServlet.processRequest(FrameworkServlet.java:1011)
	at org.springframework.web.servlet.FrameworkServlet.doPost(FrameworkServlet.java:914)
	at jakarta.servlet.http.HttpServlet.service(HttpServlet.java:590)
	at org.springframework.web.servlet.FrameworkServlet.service(FrameworkServlet.java:885)
	at jakarta.servlet.http.HttpServlet.service(HttpServlet.java:658)
	at org.apache.catalina.core.ApplicationFilterChain.internalDoFilter(ApplicationFilterChain.java:205)
	at org.apache.catalina.core.ApplicationFilterChain.doFilter(ApplicationFilterChain.java:149)
	at org.apache.tomcat.websocket.server.WsFilter.doFilter(WsFilter.java:51)
	at org.apache.catalina.core.ApplicationFilterChain.internalDoFilter(ApplicationFilterChain.java:174)
	at org.apache.catalina.core.ApplicationFilterChain.doFilter(ApplicationFilterChain.java:149)
	at org.springframework.web.filter.RequestContextFilter.doFilterInternal(RequestContextFilter.java:100)
	at org.springframework.web.filter.OncePerRequestFilter.doFilter(OncePerRequestFilter.java:116)
	at org.apache.catalina.core.ApplicationFilterChain.internalDoFilter(ApplicationFilterChain.java:174)
	at org.apache.catalina.core.ApplicationFilterChain.doFilter(ApplicationFilterChain.java:149)
	at org.springframework.web.filter.FormContentFilter.doFilterInternal(FormContentFilter.java:93)
	at org.springframework.web.filter.OncePerRequestFilter.doFilter(OncePerRequestFilter.java:116)
	at org.apache.catalina.core.ApplicationFilterChain.internalDoFilter(ApplicationFilterChain.java:174)
	at org.apache.catalina.core.ApplicationFilterChain.doFilter(ApplicationFilterChain.java:149)
	at org.springframework.web.filter.CharacterEncodingFilter.doFilterInternal(CharacterEncodingFilter.java:201)
	at org.springframework.web.filter.OncePerRequestFilter.doFilter(OncePerRequestFilter.java:116)
	at org.apache.catalina.core.ApplicationFilterChain.internalDoFilter(ApplicationFilterChain.java:174)
	at org.apache.catalina.core.ApplicationFilterChain.doFilter(ApplicationFilterChain.java:149)
	at org.apache.catalina.core.StandardWrapperValve.invoke(StandardWrapperValve.java:167)
	at org.apache.catalina.core.StandardContextValve.invoke(StandardContextValve.java:90)
	at org.apache.catalina.authenticator.AuthenticatorBase.invoke(AuthenticatorBase.java:482)
	at org.apache.catalina.core.StandardHostValve.invoke(StandardHostValve.java:115)
	at org.apache.catalina.valves.ErrorReportValve.invoke(ErrorReportValve.java:93)
	at org.apache.catalina.core.StandardEngineValve.invoke(StandardEngineValve.java:74)
	at org.apache.catalina.connector.CoyoteAdapter.service(CoyoteAdapter.java:341)
	at org.apache.coyote.http11.Http11Processor.service(Http11Processor.java:391)
	at org.apache.coyote.AbstractProcessorLight.process(AbstractProcessorLight.java:63)
	at org.apache.coyote.AbstractProtocol$ConnectionHandler.process(AbstractProtocol.java:894)
	at org.apache.tomcat.util.net.NioEndpoint$SocketProcessor.doRun(NioEndpoint.java:1740)
	at org.apache.tomcat.util.net.SocketProcessorBase.run(SocketProcessorBase.java:52)
	at org.apache.tomcat.util.threads.ThreadPoolExecutor.runWorker(ThreadPoolExecutor.java:1191)
	at org.apache.tomcat.util.threads.ThreadPoolExecutor$Worker.run(ThreadPoolExecutor.java:659)
	at org.apache.tomcat.util.threads.TaskThread$WrappingRunnable.run(TaskThread.java:61)
	at java.base/java.lang.Thread.run(Thread.java:842)
2024-02-08 09:08:34.454 [DEBUG] [http-nio-8080-exec-6] jp.cpcnexehrs.cds.hooks.client.controller.CdsHooksClientController.loadJson:136 - End
2024-02-08 09:08:35.359 [DEBUG] [http-nio-8080-exec-5] jp.cpcnexehrs.cds.hooks.client.controller.CdsHooksClientController.hooksSubmit:100 - Start
2024-02-08 09:08:35.360 [DEBUG] [http-nio-8080-exec-5] jp.cpcnexehrs.cds.hooks.client.service.impl.CdsHooksClientServiceImpl.sendHooksRequest:41 - Start
2024-02-08 09:08:36.045 [DEBUG] [http-nio-8080-exec-5] jp.cpcnexehrs.cds.hooks.client.service.impl.CdsHooksClientServiceImpl.sendHooksRequest:55 - End
2024-02-08 09:08:36.048 [DEBUG] [http-nio-8080-exec-5] jp.cpcnexehrs.cds.hooks.client.controller.CdsHooksClientController.hooksSubmit:117 - End
2024-02-08 09:08:45.160 [DEBUG] [http-nio-8080-exec-7] jp.cpcnexehrs.cds.hooks.client.controller.CdsHooksClientController.loadJson:124 - Start
2024-02-08 09:08:45.161 [DEBUG] [http-nio-8080-exec-7] jp.cpcnexehrs.cds.hooks.client.controller.CdsHooksClientController.loadJson:136 - End
2024-02-08 09:08:45.921 [DEBUG] [http-nio-8080-exec-8] jp.cpcnexehrs.cds.hooks.client.controller.CdsHooksClientController.hooksSubmit:100 - Start
2024-02-08 09:08:45.922 [DEBUG] [http-nio-8080-exec-8] jp.cpcnexehrs.cds.hooks.client.service.impl.CdsHooksClientServiceImpl.sendHooksRequest:41 - Start
2024-02-08 09:08:46.650 [DEBUG] [http-nio-8080-exec-8] jp.cpcnexehrs.cds.hooks.client.service.impl.CdsHooksClientServiceImpl.sendHooksRequest:55 - End
2024-02-08 09:08:46.653 [DEBUG] [http-nio-8080-exec-8] jp.cpcnexehrs.cds.hooks.client.controller.CdsHooksClientController.hooksSubmit:117 - End
2024-02-08 09:08:49.229 [DEBUG] [http-nio-8080-exec-9] jp.cpcnexehrs.cds.hooks.client.controller.CdsHooksClientController.loadJson:124 - Start
2024-02-08 09:08:49.230 [DEBUG] [http-nio-8080-exec-9] jp.cpcnexehrs.cds.hooks.client.controller.CdsHooksClientController.loadJson:136 - End
2024-02-08 09:08:50.156 [DEBUG] [http-nio-8080-exec-10] jp.cpcnexehrs.cds.hooks.client.controller.CdsHooksClientController.hooksSubmit:100 - Start
2024-02-08 09:08:50.156 [DEBUG] [http-nio-8080-exec-10] jp.cpcnexehrs.cds.hooks.client.service.impl.CdsHooksClientServiceImpl.sendHooksRequest:41 - Start
2024-02-08 09:08:50.857 [DEBUG] [http-nio-8080-exec-10] jp.cpcnexehrs.cds.hooks.client.service.impl.CdsHooksClientServiceImpl.sendHooksRequest:55 - End
2024-02-08 09:08:50.859 [DEBUG] [http-nio-8080-exec-10] jp.cpcnexehrs.cds.hooks.client.controller.CdsHooksClientController.hooksSubmit:117 - End
2024-02-08 09:08:53.026 [DEBUG] [http-nio-8080-exec-2] jp.cpcnexehrs.cds.hooks.client.controller.CdsHooksClientController.loadJson:124 - Start
2024-02-08 09:08:53.027 [DEBUG] [http-nio-8080-exec-2] jp.cpcnexehrs.cds.hooks.client.controller.CdsHooksClientController.loadJson:136 - End
2024-02-08 09:08:53.867 [DEBUG] [http-nio-8080-exec-4] jp.cpcnexehrs.cds.hooks.client.controller.CdsHooksClientController.hooksSubmit:100 - Start
2024-02-08 09:08:53.867 [DEBUG] [http-nio-8080-exec-4] jp.cpcnexehrs.cds.hooks.client.service.impl.CdsHooksClientServiceImpl.sendHooksRequest:41 - Start
2024-02-08 09:08:54.560 [DEBUG] [http-nio-8080-exec-4] jp.cpcnexehrs.cds.hooks.client.service.impl.CdsHooksClientServiceImpl.sendHooksRequest:55 - End
2024-02-08 09:08:54.562 [DEBUG] [http-nio-8080-exec-4] jp.cpcnexehrs.cds.hooks.client.controller.CdsHooksClientController.hooksSubmit:117 - End
2024-02-08 09:08:56.482 [DEBUG] [http-nio-8080-exec-3] jp.cpcnexehrs.cds.hooks.client.controller.CdsHooksClientController.loadJson:124 - Start
2024-02-08 09:08:56.483 [DEBUG] [http-nio-8080-exec-3] jp.cpcnexehrs.cds.hooks.client.controller.CdsHooksClientController.loadJson:136 - End
2024-02-08 09:08:57.314 [DEBUG] [http-nio-8080-exec-6] jp.cpcnexehrs.cds.hooks.client.controller.CdsHooksClientController.hooksSubmit:100 - Start
2024-02-08 09:08:57.314 [DEBUG] [http-nio-8080-exec-6] jp.cpcnexehrs.cds.hooks.client.service.impl.CdsHooksClientServiceImpl.sendHooksRequest:41 - Start
2024-02-08 09:08:57.953 [DEBUG] [http-nio-8080-exec-6] jp.cpcnexehrs.cds.hooks.client.service.impl.CdsHooksClientServiceImpl.sendHooksRequest:55 - End
2024-02-08 09:08:57.956 [DEBUG] [http-nio-8080-exec-6] jp.cpcnexehrs.cds.hooks.client.controller.CdsHooksClientController.hooksSubmit:117 - End
2024-02-08 09:09:01.146 [DEBUG] [http-nio-8080-exec-5] jp.cpcnexehrs.cds.hooks.client.controller.CdsHooksClientController.loadJson:124 - Start
2024-02-08 09:09:01.147 [ERROR] [http-nio-8080-exec-5] jp.cpcnexehrs.cds.hooks.client.controller.CdsHooksClientController.readJsonFile:145 - 
java.nio.file.NoSuchFileException: .\scenario\case2\scenario5.json
	at java.base/sun.nio.fs.WindowsException.translateToIOException(WindowsException.java:85)
	at java.base/sun.nio.fs.WindowsException.rethrowAsIOException(WindowsException.java:103)
	at java.base/sun.nio.fs.WindowsException.rethrowAsIOException(WindowsException.java:108)
	at java.base/sun.nio.fs.WindowsFileSystemProvider.newByteChannel(WindowsFileSystemProvider.java:236)
	at java.base/java.nio.file.Files.newByteChannel(Files.java:380)
	at java.base/java.nio.file.Files.newByteChannel(Files.java:432)
	at java.base/java.nio.file.Files.readAllBytes(Files.java:3288)
	at jp.cpcnexehrs.cds.hooks.client.controller.CdsHooksClientController.readJsonFile(CdsHooksClientController.java:143)
	at jp.cpcnexehrs.cds.hooks.client.controller.CdsHooksClientController.loadJson(CdsHooksClientController.java:135)
	at jdk.internal.reflect.GeneratedMethodAccessor11.invoke(Unknown Source)
	at java.base/jdk.internal.reflect.DelegatingMethodAccessorImpl.invoke(DelegatingMethodAccessorImpl.java:43)
	at java.base/java.lang.reflect.Method.invoke(Method.java:568)
	at org.springframework.web.method.support.InvocableHandlerMethod.doInvoke(InvocableHandlerMethod.java:205)
	at org.springframework.web.method.support.InvocableHandlerMethod.invokeForRequest(InvocableHandlerMethod.java:150)
	at org.springframework.web.servlet.mvc.method.annotation.ServletInvocableHandlerMethod.invokeAndHandle(ServletInvocableHandlerMethod.java:118)
	at org.springframework.web.servlet.mvc.method.annotation.RequestMappingHandlerAdapter.invokeHandlerMethod(RequestMappingHandlerAdapter.java:884)
	at org.springframework.web.servlet.mvc.method.annotation.RequestMappingHandlerAdapter.handleInternal(RequestMappingHandlerAdapter.java:797)
	at org.springframework.web.servlet.mvc.method.AbstractHandlerMethodAdapter.handle(AbstractHandlerMethodAdapter.java:87)
	at org.springframework.web.servlet.DispatcherServlet.doDispatch(DispatcherServlet.java:1081)
	at org.springframework.web.servlet.DispatcherServlet.doService(DispatcherServlet.java:974)
	at org.springframework.web.servlet.FrameworkServlet.processRequest(FrameworkServlet.java:1011)
	at org.springframework.web.servlet.FrameworkServlet.doPost(FrameworkServlet.java:914)
	at jakarta.servlet.http.HttpServlet.service(HttpServlet.java:590)
	at org.springframework.web.servlet.FrameworkServlet.service(FrameworkServlet.java:885)
	at jakarta.servlet.http.HttpServlet.service(HttpServlet.java:658)
	at org.apache.catalina.core.ApplicationFilterChain.internalDoFilter(ApplicationFilterChain.java:205)
	at org.apache.catalina.core.ApplicationFilterChain.doFilter(ApplicationFilterChain.java:149)
	at org.apache.tomcat.websocket.server.WsFilter.doFilter(WsFilter.java:51)
	at org.apache.catalina.core.ApplicationFilterChain.internalDoFilter(ApplicationFilterChain.java:174)
	at org.apache.catalina.core.ApplicationFilterChain.doFilter(ApplicationFilterChain.java:149)
	at org.springframework.web.filter.RequestContextFilter.doFilterInternal(RequestContextFilter.java:100)
	at org.springframework.web.filter.OncePerRequestFilter.doFilter(OncePerRequestFilter.java:116)
	at org.apache.catalina.core.ApplicationFilterChain.internalDoFilter(ApplicationFilterChain.java:174)
	at org.apache.catalina.core.ApplicationFilterChain.doFilter(ApplicationFilterChain.java:149)
	at org.springframework.web.filter.FormContentFilter.doFilterInternal(FormContentFilter.java:93)
	at org.springframework.web.filter.OncePerRequestFilter.doFilter(OncePerRequestFilter.java:116)
	at org.apache.catalina.core.ApplicationFilterChain.internalDoFilter(ApplicationFilterChain.java:174)
	at org.apache.catalina.core.ApplicationFilterChain.doFilter(ApplicationFilterChain.java:149)
	at org.springframework.web.filter.CharacterEncodingFilter.doFilterInternal(CharacterEncodingFilter.java:201)
	at org.springframework.web.filter.OncePerRequestFilter.doFilter(OncePerRequestFilter.java:116)
	at org.apache.catalina.core.ApplicationFilterChain.internalDoFilter(ApplicationFilterChain.java:174)
	at org.apache.catalina.core.ApplicationFilterChain.doFilter(ApplicationFilterChain.java:149)
	at org.apache.catalina.core.StandardWrapperValve.invoke(StandardWrapperValve.java:167)
	at org.apache.catalina.core.StandardContextValve.invoke(StandardContextValve.java:90)
	at org.apache.catalina.authenticator.AuthenticatorBase.invoke(AuthenticatorBase.java:482)
	at org.apache.catalina.core.StandardHostValve.invoke(StandardHostValve.java:115)
	at org.apache.catalina.valves.ErrorReportValve.invoke(ErrorReportValve.java:93)
	at org.apache.catalina.core.StandardEngineValve.invoke(StandardEngineValve.java:74)
	at org.apache.catalina.connector.CoyoteAdapter.service(CoyoteAdapter.java:341)
	at org.apache.coyote.http11.Http11Processor.service(Http11Processor.java:391)
	at org.apache.coyote.AbstractProcessorLight.process(AbstractProcessorLight.java:63)
	at org.apache.coyote.AbstractProtocol$ConnectionHandler.process(AbstractProtocol.java:894)
	at org.apache.tomcat.util.net.NioEndpoint$SocketProcessor.doRun(NioEndpoint.java:1740)
	at org.apache.tomcat.util.net.SocketProcessorBase.run(SocketProcessorBase.java:52)
	at org.apache.tomcat.util.threads.ThreadPoolExecutor.runWorker(ThreadPoolExecutor.java:1191)
	at org.apache.tomcat.util.threads.ThreadPoolExecutor$Worker.run(ThreadPoolExecutor.java:659)
	at org.apache.tomcat.util.threads.TaskThread$WrappingRunnable.run(TaskThread.java:61)
	at java.base/java.lang.Thread.run(Thread.java:842)
2024-02-08 09:09:01.150 [DEBUG] [http-nio-8080-exec-5] jp.cpcnexehrs.cds.hooks.client.controller.CdsHooksClientController.loadJson:136 - End
2024-02-08 09:09:02.091 [DEBUG] [http-nio-8080-exec-7] jp.cpcnexehrs.cds.hooks.client.controller.CdsHooksClientController.hooksSubmit:100 - Start
2024-02-08 09:09:02.091 [DEBUG] [http-nio-8080-exec-7] jp.cpcnexehrs.cds.hooks.client.service.impl.CdsHooksClientServiceImpl.sendHooksRequest:41 - Start
2024-02-08 09:09:02.791 [DEBUG] [http-nio-8080-exec-7] jp.cpcnexehrs.cds.hooks.client.service.impl.CdsHooksClientServiceImpl.sendHooksRequest:55 - End
2024-02-08 09:09:02.794 [DEBUG] [http-nio-8080-exec-7] jp.cpcnexehrs.cds.hooks.client.controller.CdsHooksClientController.hooksSubmit:117 - End
2024-02-08 09:09:08.355 [DEBUG] [http-nio-8080-exec-8] jp.cpcnexehrs.cds.hooks.client.controller.CdsHooksClientController.loadJson:124 - Start
2024-02-08 09:09:08.356 [DEBUG] [http-nio-8080-exec-8] jp.cpcnexehrs.cds.hooks.client.controller.CdsHooksClientController.loadJson:136 - End
2024-02-08 09:09:09.407 [DEBUG] [http-nio-8080-exec-9] jp.cpcnexehrs.cds.hooks.client.controller.CdsHooksClientController.loadJson:124 - Start
2024-02-08 09:09:09.407 [DEBUG] [http-nio-8080-exec-9] jp.cpcnexehrs.cds.hooks.client.controller.CdsHooksClientController.loadJson:136 - End
2024-02-08 09:09:10.535 [DEBUG] [http-nio-8080-exec-10] jp.cpcnexehrs.cds.hooks.client.controller.CdsHooksClientController.hooksSubmit:100 - Start
2024-02-08 09:09:10.535 [DEBUG] [http-nio-8080-exec-10] jp.cpcnexehrs.cds.hooks.client.service.impl.CdsHooksClientServiceImpl.sendHooksRequest:41 - Start
2024-02-08 09:09:11.216 [DEBUG] [http-nio-8080-exec-10] jp.cpcnexehrs.cds.hooks.client.service.impl.CdsHooksClientServiceImpl.sendHooksRequest:55 - End
2024-02-08 09:09:11.218 [DEBUG] [http-nio-8080-exec-10] jp.cpcnexehrs.cds.hooks.client.controller.CdsHooksClientController.hooksSubmit:117 - End
2024-02-08 09:09:13.553 [DEBUG] [http-nio-8080-exec-1] jp.cpcnexehrs.cds.hooks.client.controller.CdsHooksClientController.loadJson:124 - Start
2024-02-08 09:09:13.554 [DEBUG] [http-nio-8080-exec-1] jp.cpcnexehrs.cds.hooks.client.controller.CdsHooksClientController.loadJson:136 - End
2024-02-08 09:09:14.340 [DEBUG] [http-nio-8080-exec-2] jp.cpcnexehrs.cds.hooks.client.controller.CdsHooksClientController.hooksSubmit:100 - Start
2024-02-08 09:09:14.341 [DEBUG] [http-nio-8080-exec-2] jp.cpcnexehrs.cds.hooks.client.service.impl.CdsHooksClientServiceImpl.sendHooksRequest:41 - Start
2024-02-08 09:09:14.961 [DEBUG] [http-nio-8080-exec-2] jp.cpcnexehrs.cds.hooks.client.service.impl.CdsHooksClientServiceImpl.sendHooksRequest:55 - End
2024-02-08 09:09:14.962 [DEBUG] [http-nio-8080-exec-2] jp.cpcnexehrs.cds.hooks.client.controller.CdsHooksClientController.hooksSubmit:117 - End
2024-02-08 09:09:17.334 [DEBUG] [http-nio-8080-exec-4] jp.cpcnexehrs.cds.hooks.client.controller.CdsHooksClientController.loadJson:124 - Start
2024-02-08 09:09:17.335 [DEBUG] [http-nio-8080-exec-4] jp.cpcnexehrs.cds.hooks.client.controller.CdsHooksClientController.loadJson:136 - End
2024-02-08 09:09:18.094 [DEBUG] [http-nio-8080-exec-3] jp.cpcnexehrs.cds.hooks.client.controller.CdsHooksClientController.hooksSubmit:100 - Start
2024-02-08 09:09:18.095 [DEBUG] [http-nio-8080-exec-3] jp.cpcnexehrs.cds.hooks.client.service.impl.CdsHooksClientServiceImpl.sendHooksRequest:41 - Start
2024-02-08 09:09:18.789 [DEBUG] [http-nio-8080-exec-3] jp.cpcnexehrs.cds.hooks.client.service.impl.CdsHooksClientServiceImpl.sendHooksRequest:55 - End
2024-02-08 09:09:18.791 [DEBUG] [http-nio-8080-exec-3] jp.cpcnexehrs.cds.hooks.client.controller.CdsHooksClientController.hooksSubmit:117 - End
2024-02-08 09:09:21.551 [DEBUG] [http-nio-8080-exec-6] jp.cpcnexehrs.cds.hooks.client.controller.CdsHooksClientController.loadJson:124 - Start
2024-02-08 09:09:21.552 [DEBUG] [http-nio-8080-exec-6] jp.cpcnexehrs.cds.hooks.client.controller.CdsHooksClientController.loadJson:136 - End
2024-02-08 09:09:22.391 [DEBUG] [http-nio-8080-exec-5] jp.cpcnexehrs.cds.hooks.client.controller.CdsHooksClientController.hooksSubmit:100 - Start
2024-02-08 09:09:22.391 [DEBUG] [http-nio-8080-exec-5] jp.cpcnexehrs.cds.hooks.client.service.impl.CdsHooksClientServiceImpl.sendHooksRequest:41 - Start
2024-02-08 09:09:23.127 [DEBUG] [http-nio-8080-exec-5] jp.cpcnexehrs.cds.hooks.client.service.impl.CdsHooksClientServiceImpl.sendHooksRequest:55 - End
2024-02-08 09:09:23.129 [DEBUG] [http-nio-8080-exec-5] jp.cpcnexehrs.cds.hooks.client.controller.CdsHooksClientController.hooksSubmit:117 - End
2024-02-08 09:09:26.346 [DEBUG] [http-nio-8080-exec-7] jp.cpcnexehrs.cds.hooks.client.controller.CdsHooksClientController.loadJson:124 - Start
2024-02-08 09:09:26.347 [DEBUG] [http-nio-8080-exec-7] jp.cpcnexehrs.cds.hooks.client.controller.CdsHooksClientController.loadJson:136 - End
2024-02-08 09:09:27.335 [DEBUG] [http-nio-8080-exec-8] jp.cpcnexehrs.cds.hooks.client.controller.CdsHooksClientController.hooksSubmit:100 - Start
2024-02-08 09:09:27.335 [DEBUG] [http-nio-8080-exec-8] jp.cpcnexehrs.cds.hooks.client.service.impl.CdsHooksClientServiceImpl.sendHooksRequest:41 - Start
2024-02-08 09:09:28.077 [DEBUG] [http-nio-8080-exec-8] jp.cpcnexehrs.cds.hooks.client.service.impl.CdsHooksClientServiceImpl.sendHooksRequest:55 - End
2024-02-08 09:09:28.079 [DEBUG] [http-nio-8080-exec-8] jp.cpcnexehrs.cds.hooks.client.controller.CdsHooksClientController.hooksSubmit:117 - End
2024-02-08 09:15:46.987 [DEBUG] [http-nio-8080-exec-1] jp.cpcnexehrs.cds.hooks.client.controller.CdsHooksClientController.hooksSubmit:100 - Start
2024-02-08 09:15:46.988 [DEBUG] [http-nio-8080-exec-1] jp.cpcnexehrs.cds.hooks.client.service.impl.CdsHooksClientServiceImpl.sendHooksRequest:41 - Start
2024-02-08 09:15:47.311 [DEBUG] [http-nio-8080-exec-1] jp.cpcnexehrs.cds.hooks.client.service.impl.CdsHooksClientServiceImpl.sendHooksRequest:55 - End
2024-02-08 09:15:47.313 [DEBUG] [http-nio-8080-exec-1] jp.cpcnexehrs.cds.hooks.client.controller.CdsHooksClientController.hooksSubmit:117 - End
2024-02-08 09:15:49.856 [DEBUG] [http-nio-8080-exec-4] jp.cpcnexehrs.cds.hooks.client.controller.CdsHooksClientController.hooksSubmit:100 - Start
2024-02-08 09:15:49.857 [DEBUG] [http-nio-8080-exec-4] jp.cpcnexehrs.cds.hooks.client.service.impl.CdsHooksClientServiceImpl.sendHooksRequest:41 - Start
2024-02-08 09:15:50.157 [DEBUG] [http-nio-8080-exec-4] jp.cpcnexehrs.cds.hooks.client.service.impl.CdsHooksClientServiceImpl.sendHooksRequest:55 - End
2024-02-08 09:15:50.159 [DEBUG] [http-nio-8080-exec-4] jp.cpcnexehrs.cds.hooks.client.controller.CdsHooksClientController.hooksSubmit:117 - End
2024-02-08 09:15:51.017 [DEBUG] [http-nio-8080-exec-3] jp.cpcnexehrs.cds.hooks.client.controller.CdsHooksClientController.hooksSubmit:100 - Start
2024-02-08 09:15:51.018 [DEBUG] [http-nio-8080-exec-3] jp.cpcnexehrs.cds.hooks.client.service.impl.CdsHooksClientServiceImpl.sendHooksRequest:41 - Start
2024-02-08 09:15:51.200 [DEBUG] [http-nio-8080-exec-3] jp.cpcnexehrs.cds.hooks.client.service.impl.CdsHooksClientServiceImpl.sendHooksRequest:55 - End
2024-02-08 09:15:51.201 [DEBUG] [http-nio-8080-exec-3] jp.cpcnexehrs.cds.hooks.client.controller.CdsHooksClientController.hooksSubmit:117 - End
